{"numTotalTestSuites":5,"numPassedTestSuites":4,"numFailedTestSuites":1,"numPendingTestSuites":0,"numTotalTests":4,"numPassedTests":4,"numFailedTests":0,"numPendingTests":0,"numTodoTests":0,"snapshot":{"added":0,"failure":false,"filesAdded":0,"filesRemoved":0,"filesRemovedList":[],"filesUnmatched":0,"filesUpdated":0,"matched":0,"total":0,"unchecked":0,"uncheckedKeysByFile":[],"unmatched":0,"updated":0,"didUpdate":false},"startTime":1774374136152,"success":false,"testResults":[{"assertionResults":[{"ancestorTitles":["public-branding helpers"],"fullName":"public-branding helpers merges tenant brand fields over platform defaults","status":"passed","title":"merges tenant brand fields over platform defaults","duration":1.038000000000011,"failureMessages":[],"meta":{}},{"ancestorTitles":["public-branding helpers"],"fullName":"public-branding helpers prefers icp over legacy companySiteLink when building footer text","status":"passed","title":"prefers icp over legacy companySiteLink when building footer text","duration":0.195699999999988,"failureMessages":[],"meta":{}}],"startTime":1774374137377,"endTime":1774374137378.1958,"status":"passed","message":"","name":"E:/git_clone/novusai-saas-yudi/frontend/apps/web-antd/src/utils/__tests__/public-branding.test.ts"},{"assertionResults":[{"ancestorTitles":["public config api transforms"],"fullName":"public config api transforms maps platform public config storage and branding fields","status":"passed","title":"maps platform public config storage and branding fields","duration":1.5996000000000095,"failureMessages":[],"meta":{}},{"ancestorTitles":["public config api transforms"],"fullName":"public config api transforms maps tenant public config dark logo, icp, and storage fields","status":"passed","title":"maps tenant public config dark logo, icp, and storage fields","duration":0.4315000000001419,"failureMessages":[],"meta":{}}],"startTime":1774374137381,"endTime":1774374137383.4314,"status":"passed","message":"","name":"E:/git_clone/novusai-saas-yudi/frontend/apps/web-antd/src/api/public/__tests__/config.test.ts"},{"assertionResults":[],"startTime":1774374136152,"endTime":1774374136152,"status":"failed","message":"[vitest] No \"defineOverridesPreferences\" export is defined on the \"@vben/preferences\" mock. Did you forget to return it from \"vi.mock\"?\nIf you need to partially mock a module, you can use \"importOriginal\" helper inside:\n","name":"E:/git_clone/novusai-saas-yudi/frontend/apps/web-antd/src/store/shared/__tests__/public-config.test.ts"}]}